6291456
6291456
6815744
6815744
6815744
6815744
6815744
6815744
6815744
6815744
6815744
6815744
6815744
6815744
6815744
6815744
6815744
6815744
6815744
6815744
6815744
6815744
6815744
6815744
6815744
6815744
6815744
6815744
6815744
6815744
6815744
6815744
6815744
6815744
6815744
6815744
6815744
6815744
6815744
6815744
6815744
6815744
6815744
6815744
6815744
6815744
6815744
6815744
6815744
6815744
6815744
6815744
6815744
6815744
6815744
6815744
6815744
6815744
6815744
6815744
6815744
6815744
6815744
6815744
6815744
6815744
6815744
6815744
6815744
6815744
6815744
6815744
8912896
8912896
8912896
8912896
8912896
8912896
8912896
8912896
8912896
8912896
8912896
8912896
8912896
8912896
8912896
8912896
8912896
8912896
8912896
8912896
8912896
8912896
8912896
8912896
8912896
8912896
8912896
8912896
